Populatia initiala:
1: 0000000000000000101001 x= -0.99997 f= 8.99991e-005
2: 0000000100100000100011 x= -0.986791 f= 0.0394525
3: 0000000001100010111110 x= -0.995469 f= 0.0135725
4: 0000000110011110000100 x= -0.981045 f= 0.0565057
5: 0000000100101011100001 x= -0.986289 f= 0.040945
6: 0000000011110101101100 x= -0.988753 f= 0.0336145
7: 0000000010110011010110 x= -0.99179 f= 0.0245626
8: 0000000111001010101110 x= -0.979001 f= 0.062556
9: 0000000110100101010010 x= -0.980715 f= 0.0574831
10: 0000000101111110010000 x= -0.982501 f= 0.0521908
11: 0000000001011001001001 x= -0.995919 f= 0.0122263
12: 0000000110110111110001 x= -0.979869 f= 0.0599877
13: 0000000101101011110001 x= -0.983348 f= 0.0496787
14: 0000000100000110111011 x= -0.987964 f= 0.0359631
15: 0000000010011011101001 x= -0.992875 f= 0.0213242
16: 0000000000000111101011 x= -0.999648 f= 0.00105588
17: 0000000000101110110011 x= -0.997857 f= 0.00642441
18: 0000000010111010100110 x= -0.991458 f= 0.025553
19: 0000000001001011011011 x= -0.996547 f= 0.0103471
20: 0000000001010100111100 x= -0.996111 f= 0.0116519

Probabilitati selectie:
cromozom 1 probabilitate 0.000143013
cromozom 2 probabilitate 0.0641324
cromozom 3 probabilitate 0.0220607
cromozom 4 probabilitate 0.0918524
cromozom 5 probabilitate 0.0665591
cromozom 6 probabilitate 0.0546423
cromozom 7 probabilitate 0.0399276
cromozom 8 probabilitate 0.101689
cromozom 9 probabilitate 0.0934434
cromozom 10 probabilitate 0.0848368
cromozom 11 probabilitate 0.0198729
cromozom 12 probabilitate 0.0975157
cromozom 13 probabilitate 0.0807573
cromozom 14 probabilitate 0.0584599
cromozom 15 probabilitate 0.0346631
cromozom 16 probabilitate 0.00171249
cromozom 17 probabilitate 0.0104396
cromozom 18 probabilitate 0.0415371
cromozom 19 probabilitate 0.016818
cromozom 20 probabilitate 0.0189371

Intervale probabilitati selectie:
0 0.000143013 0.0642754 0.0863361 0.178189 0.244748 0.29939 0.339318 0.441006 0.53445 0.619287 0.63916 0.736675 0.817433 0.875893 0.910556 0.912268 0.922708 0.964245 0.981063 1 
u= 0.988525 selectam cromozomul 20
u= 0.445692 selectam cromozomul 9
u= 0.119083 selectam cromozomul 4
u= 0.00466933 selectam cromozomul 2
u= 0.0089114 selectam cromozomul 2
u= 0.37788 selectam cromozomul 8
u= 0.531663 selectam cromozomul 9
u= 0.571184 selectam cromozomul 10
u= 0.601764 selectam cromozomul 10
u= 0.607166 selectam cromozomul 10
u= 0.166234 selectam cromozomul 4
u= 0.663045 selectam cromozomul 12
u= 0.450789 selectam cromozomul 9
u= 0.352123 selectam cromozomul 8
u= 0.0570391 selectam cromozomul 2
u= 0.607685 selectam cromozomul 10
u= 0.783319 selectam cromozomul 13
u= 0.802606 selectam cromozomul 13
u= 0.519883 selectam cromozomul 9
u= 0.30195 selectam cromozomul 7

Dupa selectie:
1: 0000000001010100111100 x= -0.996112 f= 0.0116493
2: 0000000110100101010010 x= -0.980715 f= 0.0574823
3: 0000000110011110000100 x= -0.981046 f= 0.0565036
4: 0000000100100000100011 x= -0.986791 f= 0.0394514
5: 0000000100100000100011 x= -0.986791 f= 0.0394514
6: 0000000111001010101110 x= -0.979002 f= 0.0625545
7: 0000000110100101010010 x= -0.980715 f= 0.0574823
8: 0000000101111110010000 x= -0.982502 f= 0.0521879
9: 0000000101111110010000 x= -0.982502 f= 0.0521879
10: 0000000101111110010000 x= -0.982502 f= 0.0521879
11: 0000000110011110000100 x= -0.981046 f= 0.0565036
12: 0000000110110111110001 x= -0.979869 f= 0.0599874
13: 0000000110100101010010 x= -0.980715 f= 0.0574823
14: 0000000111001010101110 x= -0.979002 f= 0.0625545
15: 0000000100100000100011 x= -0.986791 f= 0.0394514
16: 0000000101111110010000 x= -0.982502 f= 0.0521879
17: 0000000101101011110001 x= -0.983348 f= 0.0496783
18: 0000000101101011110001 x= -0.983348 f= 0.0496783
19: 0000000110100101010010 x= -0.980715 f= 0.0574823
20: 0000000010110011010110 x= -0.99179 f= 0.0245617

Probabilitatea de incrucisare: 0.25
1: 0000000001010100111100 u= 0.875973
2: 0000000110100101010010 u= 0.726676
3: 0000000110011110000100 u= 0.955901
4: 0000000100100000100011 u= 0.925718
5: 0000000100100000100011 u= 0.539354
6: 0000000111001010101110 u= 0.142338 < 0.25 participa
7: 0000000110100101010010 u= 0.462081
8: 0000000101111110010000 u= 0.235328 < 0.25 participa
9: 0000000101111110010000 u= 0.862239
10: 0000000101111110010000 u= 0.209601 < 0.25 participa
11: 0000000110011110000100 u= 0.779656
12: 0000000110110111110001 u= 0.843654
13: 0000000110100101010010 u= 0.996796
14: 0000000111001010101110 u= 0.999695
15: 0000000100100000100011 u= 0.611499
16: 0000000101111110010000 u= 0.392438
17: 0000000101101011110001 u= 0.266213
18: 0000000101101011110001 u= 0.297281
19: 0000000110100101010010 u= 0.840144
20: 0000000010110011010110 u= 0.0237434 < 0.25 participa
Recombinare dintre cromozomul 6 cu cromozomul 20:
0000000111001010101110 0000000010110011010110 punct 14
Rezultat 0000000111001011010110 0000000010110010101110
Recombinare dintre cromozomul 10 cu cromozomul 8:
0000000101111110010000 0000000101111110010000 punct 19
Rezultat 0000000101111110010000 0000000101111110010000

Dupa recombinare:
1: 0000000001010100111100 x= -0.996112 f= 0.011649
2: 0000000110100101010010 x= -0.980715 f= 0.057482
3: 0000000110011110000100 x= -0.981046 f= 0.056503
4: 0000000100100000100011 x= -0.986791 f= 0.039451
5: 0000000100100000100011 x= -0.986791 f= 0.039451
6: 0000000111001011010110 x= -0.978973 f= 0.062639
7: 0000000110100101010010 x= -0.980715 f= 0.057482
8: 0000000101111110010000 x= -0.982502 f= 0.052187
9: 0000000101111110010000 x= -0.982502 f= 0.052187
10: 0000000101111110010000 x= -0.982502 f= 0.052187
11: 0000000110011110000100 x= -0.981046 f= 0.056503
12: 0000000110110111110001 x= -0.979869 f= 0.059987
13: 0000000110100101010010 x= -0.980715 f= 0.057482
14: 0000000111001010101110 x= -0.979002 f= 0.062554
15: 0000000100100000100011 x= -0.986791 f= 0.039451
16: 0000000101111110010000 x= -0.982502 f= 0.052187
17: 0000000101101011110001 x= -0.983348 f= 0.049678
18: 0000000101101011110001 x= -0.983348 f= 0.049678
19: 0000000110100101010010 x= -0.980715 f= 0.057482
20: 0000000010110010101110 x= -0.991819 f= 0.024476

Probabilitatea de mutatie 0.25
Au fost modificati cromozomii:
6
12
19

Dupa mutatie:
1: 0000000001010100111100 x= -0.996112 f= 0.011649
2: 0000000110100101010010 x= -0.980715 f= 0.057482
3: 0000000110011110000100 x= -0.981046 f= 0.056503
4: 0000000100100000100011 x= -0.986791 f= 0.039451
5: 0000000100100000100011 x= -0.986791 f= 0.039451
6: 0000100111001011010110 x= -0.885223 f= 0.331157
7: 0000000110100101010010 x= -0.980715 f= 0.057482
8: 0000000101111110010000 x= -0.982502 f= 0.052187
9: 0000000101111110010000 x= -0.982502 f= 0.052187
10: 0000000101111110010000 x= -0.982502 f= 0.052187
11: 0000000110011110000100 x= -0.981046 f= 0.056503
12: 0000010110110111110001 x= -0.932994 f= 0.196527
13: 0000000110100101010010 x= -0.980715 f= 0.057482
14: 0000000111001010101110 x= -0.979002 f= 0.062554
15: 0000000100100000100011 x= -0.986791 f= 0.039451
16: 0000000101111110010000 x= -0.982502 f= 0.052187
17: 0000000101101011110001 x= -0.983348 f= 0.049678
18: 0000000101101011110001 x= -0.983348 f= 0.049678
19: 0000000110100101010010 x= 2.01929 f= -0.058228
20: 0000000010110010101110 x= -0.991819 f= 0.024476

Evolutia maximului:
0.331158
0.126342
2.24983
1.15463
1.15463
1.15463
1.7122
1.71606
0.199014
0.194102
0.16222
1.02344
2.24963
2.24972
1.1682
1.70714
1.1682
1.69975
0.588111
2.24964
2.24963
1.16746
2.24969
2.24969
1.69332
2.24983
1.16421
2.24983
1.15463
1.71606
1.15463
1.15463
1.15463
1.15463
1.15463
1.15463
1.15463
1.15463
1.15463
1.15463
2.24969
2.24983
1.15463
2.24956
1.15463
1.15463
1.15463
2.24963
1.16822
1.16822
